[router] Current routes
Name                                        Method       Scheme Host Path
sylius_installer                            ANY          ANY    ANY  /installer
sylius_flow_start                           ANY          ANY    ANY  /installer/flow/{scenarioAlias}
sylius_flow_display                         ANY          ANY    ANY  /installer/flow/{scenarioAlias}/{stepName}
sylius_flow_forward                         ANY          ANY    ANY  /installer/flow/{scenarioAlias}/{stepName}/forward
sylius_homepage                             ANY          ANY    ANY  /
sylius_currency_change                      ANY          ANY    ANY  /currency/change/{currency}
sylius_product_index_by_taxon               ANY          ANY    ANY  /t/{permalink}
sylius_product_show                         ANY          ANY    ANY  /p/{slug}
sylius_checkout_start                       ANY          ANY    ANY  /checkout/
sylius_checkout_display                     ANY          ANY    ANY  /checkout/{stepName}
sylius_checkout_forward                     ANY          ANY    ANY  /checkout/{stepName}/forward
sylius_checkout_security                    ANY          ANY    ANY  /checkout/security
sylius_checkout_addressing                  ANY          ANY    ANY  /checkout/addressing
sylius_checkout_shipping                    ANY          ANY    ANY  /checkout/shipping
sylius_checkout_payment                     ANY          ANY    ANY  /checkout/payment
sylius_checkout_finalize                    ANY          ANY    ANY  /checkout/finalize
sylius_account_homepage                     ANY          ANY    ANY  /account/
sylius_account_order_index                  GET          ANY    ANY  /account/orders
sylius_account_order_show                   GET          ANY    ANY  /account/order/{number}
sylius_account_order_invoice                GET          ANY    ANY  /account/invoice/{number}
sylius_account_address_index                GET          ANY    ANY  /account/addresses
sylius_account_address_create               GET|POST     ANY    ANY  /account/address/new
sylius_account_address_update               GET|POST     ANY    ANY  /account/address/{id}/edit
sylius_account_address_delete               DELETE       ANY    ANY  /account/address/{id}/delete
sylius_account_address_set_default_billing  GET          ANY    ANY  /account/address/{id}/default/billing
sylius_account_address_set_default_shipping GET          ANY    ANY  /account/address/{id}/default/shipping
sylius_cart_clear                           ANY          ANY    ANY  /cart/clear
sylius_cart_item_add                        ANY          ANY    ANY  /cart/add
sylius_cart_item_remove                     ANY          ANY    ANY  /cart/{id}/remove
sylius_cart_summary                         ANY          ANY    ANY  /cart
sylius_cart_save                            ANY          ANY    ANY  /cart/save
sylius_backend_index                        ANY          ANY    ANY  /administration/
sylius_backend_dashboard                    ANY          ANY    ANY  /administration/dashboard
sylius_backend_user_index                   GET          ANY    ANY  /administration/users/
sylius_backend_user_filter_form             GET          ANY    ANY  /administration/users/filter-form
sylius_backend_user_create                  GET|POST     ANY    ANY  /administration/users/new
sylius_backend_user_update                  GET|PUT|POST ANY    ANY  /administration/users/{id}/edit
sylius_backend_user_delete                  DELETE       ANY    ANY  /administration/users/{id}
sylius_backend_user_show                    GET          ANY    ANY  /administration/users/{id}
sylius_backend_product_index                GET          ANY    ANY  /administration/products/
sylius_backend_product_create               GET|POST     ANY    ANY  /administration/products/new
sylius_backend_product_update               GET|PUT|POST ANY    ANY  /administration/products/{id}/edit
sylius_backend_product_delete               DELETE       ANY    ANY  /administration/products/{id}
sylius_backend_product_filter_form          GET          ANY    ANY  /administration/products/filter-form
sylius_backend_product_show                 GET          ANY    ANY  /administration/products/{id}
sylius_backend_inventory_index              GET          ANY    ANY  /administration/inventory/
sylius_backend_variant_create               GET|POST     ANY    ANY  /administration/products/{productId}/variants/new
sylius_backend_variant_update               GET|PUT      ANY    ANY  /administration/products/{productId}/variants/{id}/edit
sylius_backend_variant_delete               DELETE       ANY    ANY  /administration/products/{productId}/variants/{id}
sylius_backend_variant_generate             GET          ANY    ANY  /administration/products/{productId}/variants/generate
sylius_backend_option_index                 GET          ANY    ANY  /administration/options/
sylius_backend_option_create                GET|POST     ANY    ANY  /administration/options/new
sylius_backend_option_update                GET|PUT      ANY    ANY  /administration/options/{id}/edit
sylius_backend_option_delete                DELETE       ANY    ANY  /administration/options/{id}
sylius_backend_property_index               GET          ANY    ANY  /administration/properties/
sylius_backend_property_create              GET|POST     ANY    ANY  /administration/properties/new
sylius_backend_property_update              GET|PUT      ANY    ANY  /administration/properties/{id}/edit
sylius_backend_property_delete              DELETE       ANY    ANY  /administration/properties/{id}
sylius_backend_prototype_index              GET          ANY    ANY  /administration/prototypes/
sylius_backend_prototype_create             GET|POST     ANY    ANY  /administration/prototypes/new
sylius_backend_prototype_update             GET|PUT      ANY    ANY  /administration/prototypes/{id}/edit
sylius_backend_prototype_delete             DELETE       ANY    ANY  /administration/prototypes/{id}
sylius_backend_prototype_build              GET|POST     ANY    ANY  /administration/prototypes/{id}/build
sylius_backend_taxonomy_index               GET          ANY    ANY  /administration/taxonomies/
sylius_backend_taxonomy_create              GET|POST     ANY    ANY  /administration/taxonomies/new
sylius_backend_taxonomy_update              GET|PUT      ANY    ANY  /administration/taxonomies/{id}/edit
sylius_backend_taxonomy_delete              DELETE       ANY    ANY  /administration/taxonomies/{id}
sylius_backend_taxonomy_show                GET          ANY    ANY  /administration/taxonomies/{id}
sylius_backend_taxon_create                 GET|POST     ANY    ANY  /administration/taxonomies/{taxonomyId}/taxons/new
sylius_backend_taxon_update                 GET|PUT      ANY    ANY  /administration/taxonomies/{taxonomyId}/taxons/{id}/edit
sylius_backend_taxon_delete                 DELETE       ANY    ANY  /administration/taxonomies/{taxonomyId}/taxons/{id}
sylius_backend_order_index                  GET          ANY    ANY  /administration/orders/
sylius_backend_order_create                 GET|POST     ANY    ANY  /administration/orders/new
sylius_backend_order_update                 GET|PUT      ANY    ANY  /administration/orders/{id}/edit
sylius_backend_order_delete                 DELETE       ANY    ANY  /administration/orders/{id}
sylius_backend_order_filter_form            GET          ANY    ANY  /administration/orders/filter-form
sylius_backend_order_show                   GET          ANY    ANY  /administration/orders/{id}
sylius_backend_order_by_user                GET          ANY    ANY  /administration/orders/u/{id}
sylius_backend_promotion_index              GET          ANY    ANY  /administration/promotions/
sylius_backend_promotion_create             GET|POST     ANY    ANY  /administration/promotions/new
sylius_backend_promotion_update             GET|PUT      ANY    ANY  /administration/promotions/{id}/edit
sylius_backend_promotion_delete             DELETE       ANY    ANY  /administration/promotions/{id}
sylius_backend_promotion_show               GET          ANY    ANY  /administration/promotions/{id}
sylius_backend_promotion_coupon_index       GET          ANY    ANY  /administration/promotions/{promotionId}/coupons/
sylius_backend_promotion_coupon_create      GET|POST     ANY    ANY  /administration/promotions/{promotionId}/coupons/new
sylius_backend_promotion_coupon_update      GET|PUT      ANY    ANY  /administration/promotions/{promotionId}/coupons/edit
sylius_backend_promotion_coupon_delete      DELETE       ANY    ANY  /administration/promotions/{promotionId}/coupons/{id}
sylius_backend_promotion_coupon_generate    GET|POST     ANY    ANY  /administration/promotions/{promotionId}/coupons/generate
sylius_backend_promotion_rule_delete        DELETE       ANY    ANY  /administration/promotion-rules/{id}
sylius_backend_promotion_action_delete      DELETE       ANY    ANY  /administration/promotion-actions/{id}
sylius_backend_tax_category_index           GET          ANY    ANY  /administration/tax-categories/
sylius_backend_tax_category_create          GET|POST     ANY    ANY  /administration/tax-categories/new
sylius_backend_tax_category_update          GET|PUT      ANY    ANY  /administration/tax-categories/{id}/edit
sylius_backend_tax_category_delete          DELETE       ANY    ANY  /administration/tax-categories/{id}
sylius_backend_tax_category_show            GET          ANY    ANY  /administration/tax-categories/{id}
sylius_backend_tax_rate_index               GET          ANY    ANY  /administration/tax-rates/
sylius_backend_tax_rate_create              GET|POST     ANY    ANY  /administration/tax-rates/new
sylius_backend_tax_rate_update              GET|PUT      ANY    ANY  /administration/tax-rates/{id}/edit
sylius_backend_tax_rate_delete              DELETE       ANY    ANY  /administration/tax-rates/{id}
sylius_backend_tax_rate_show                GET          ANY    ANY  /administration/tax-rates/{id}
sylius_backend_shipping_category_index      GET          ANY    ANY  /administration/shipping-categories/
sylius_backend_shipping_category_create     GET|POST     ANY    ANY  /administration/shipping-categories/new
sylius_backend_shipping_category_update     GET|PUT      ANY    ANY  /administration/shipping-categories/{id}/edit
sylius_backend_shipping_category_delete     DELETE       ANY    ANY  /administration/shipping-categories/{id}/delete
sylius_backend_shipping_method_index        GET          ANY    ANY  /administration/shipping-methods/
sylius_backend_shipping_method_create       GET|POST     ANY    ANY  /administration/shipping-methods/new
sylius_backend_shipping_method_update       GET|PUT      ANY    ANY  /administration/shipping-methods/{id}/edit
sylius_backend_shipping_method_delete       DELETE       ANY    ANY  /administration/shipping-methods/{id}
sylius_backend_shipping_method_show         GET          ANY    ANY  /administration/shipping-methods/{id}
sylius_backend_shipment_index               GET          ANY    ANY  /administration/shipments/
sylius_backend_shipment_update              GET|PUT      ANY    ANY  /administration/shipments/{id}/edit
sylius_backend_shipment_delete              DELETE       ANY    ANY  /administration/shipments/{id}
sylius_backend_shipment_show                GET          ANY    ANY  /administration/shipments/{id}
sylius_backend_payment_method_index         GET          ANY    ANY  /administration/payment-methods/
sylius_backend_payment_method_create        GET|POST     ANY    ANY  /administration/payment-methods/new
sylius_backend_payment_method_update        GET|PUT      ANY    ANY  /administration/payment-methods/{id}/edit
sylius_backend_payment_method_delete        DELETE       ANY    ANY  /administration/payment-methods/{id}
sylius_backend_payment_index                GET          ANY    ANY  /administration/payments/
sylius_backend_payment_create               GET|POST     ANY    ANY  /administration/payments/new
sylius_backend_payment_update               GET|PUT      ANY    ANY  /administration/payments/{id}/edit
sylius_backend_payment_delete               DELETE       ANY    ANY  /administration/payments/{id}
sylius_backend_payment_show                 GET          ANY    ANY  /administration/payments/{id}
sylius_backend_exchange_rate_index          GET          ANY    ANY  /administration/exchange-rates/
sylius_backend_exchange_rate_create         GET|POST     ANY    ANY  /administration/exchange-rates/new
sylius_backend_exchange_rate_update         GET|PUT      ANY    ANY  /administration/exchange-rates/{id}/edit
sylius_backend_exchange_rate_delete         DELETE       ANY    ANY  /administration/exchange-rates/{id}
sylius_backend_country_index                GET          ANY    ANY  /administration/countries/
sylius_backend_country_create               GET|POST     ANY    ANY  /administration/countries/new
sylius_backend_country_update               GET|PUT      ANY    ANY  /administration/countries/{id}/edit
sylius_backend_country_delete               DELETE       ANY    ANY  /administration/countries/{id}
sylius_backend_country_show                 GET          ANY    ANY  /administration/countries/{id}
sylius_backend_province_delete              DELETE       ANY    ANY  /administration/provinces/{id}
sylius_backend_zone_index                   GET          ANY    ANY  /administration/zones/
sylius_backend_zone_create                  GET|POST     ANY    ANY  /administration/zones/new
sylius_backend_zone_update                  GET|PUT      ANY    ANY  /administration/zones/{id}/edit
sylius_backend_zone_delete                  DELETE       ANY    ANY  /administration/zones/{id}
sylius_backend_zone_show                    GET          ANY    ANY  /administration/zones/{id}
sylius_backend_zone_member_delete           DELETE       ANY    ANY  /administration/zone-members/{id}
sylius_backend_general_settings             ANY          ANY    ANY  /administration/settings/general
sylius_backend_taxation_settings            ANY          ANY    ANY  /administration/settings/taxation
sylius_backend_security_login               GET          ANY    ANY  /administration/login
sylius_backend_security_login_check         POST         ANY    ANY  /administration/login-check
sylius_backend_security_logout              GET          ANY    ANY  /administration/logout
sylius_province_choice_form                 ANY          ANY    ANY  /province/choice-form
sylius_partial_product_latest               ANY          ANY    ANY  /_partial/product/latest
_imagine_sylius_16x16                       GET          ANY    ANY  /media/cache/sylius_16x16/{path}
_imagine_sylius_50x40                       GET          ANY    ANY  /media/cache/sylius_50x40/{path}
_imagine_sylius_90x60                       GET          ANY    ANY  /media/cache/sylius_90x60/{path}
_imagine_sylius_200x200                     GET          ANY    ANY  /media/cache/sylius_200x200/{path}
_imagine_sylius_262x255                     GET          ANY    ANY  /media/cache/sylius_262x255/{path}
_imagine_sylius_310x300                     GET          ANY    ANY  /media/cache/sylius_310x300/{path}
_imagine_sylius_610x600                     GET          ANY    ANY  /media/cache/sylius_610x600/{path}
_imagine_sylius_gallery                     GET          ANY    ANY  /media/cache/sylius_gallery/{path}
payum_deprecated_capture_do                 ANY          ANY    ANY  /payment/{paymentName}/capture/{token}
payum_capture_do                            ANY          ANY    ANY  /payment/capture/{payum_token}
fos_user_security_login                     ANY          ANY    ANY  /login
fos_user_security_check                     POST         ANY    ANY  /login_check
fos_user_security_logout                    ANY          ANY    ANY  /logout
fos_user_profile_show                       GET          ANY    ANY  /account/profile/
fos_user_profile_edit                       ANY          ANY    ANY  /account/profile/edit
fos_user_registration_register              ANY          ANY    ANY  /register/
fos_user_registration_check_email           GET          ANY    ANY  /register/check-email
fos_user_registration_confirm               GET          ANY    ANY  /register/confirm/{token}
fos_user_registration_confirmed             GET          ANY    ANY  /register/confirmed
fos_user_resetting_request                  GET          ANY    ANY  /resetting/request
fos_user_resetting_send_email               POST         ANY    ANY  /resetting/send-email
fos_user_resetting_check_email              GET          ANY    ANY  /resetting/check-email
fos_user_resetting_reset                    GET|POST     ANY    ANY  /resetting/reset/{token}
fos_user_change_password                    GET|POST     ANY    ANY  /account/change-password
